<?xml version="1.0" encoding="UTF-8"?>
<testsuite name="com.shjeong.admin.web.HelloResponseDtoTest" tests="1" skipped="0" failures="0" errors="0" timestamp="2020-03-20T09:22:56" hostname="DESKTOP-OIV43SE" time="0.023">
  <properties/>
  <testcase name="롬복_기능_테스트" classname="com.shjeong.admin.web.HelloResponseDtoTest" time="0.023"/>
  <system-out><![CDATA[]]></system-out>
  <system-err><![CDATA[]]></system-err>
</testsuite>
