<?xml version="1.0" encoding="UTF-8"?>
<testsuite name="com.shjeong.admin.web.IndexControllerTest" tests="1" skipped="0" failures="0" errors="0" timestamp="2020-04-17T10:31:55" hostname="DESKTOP-OIV43SE" time="0.555">
  <properties/>
  <testcase name="메인페이지_로딩" classname="com.shjeong.admin.web.IndexControllerTest" time="0.555"/>
  <system-out><![CDATA[19:31:45.872 [Test worker] DEBUG org.springframework.test.context.junit4.SpringJUnit4ClassRunner - SpringJUnit4ClassRunner constructor called with [class com.shjeong.admin.web.IndexControllerTest]
19:31:45.887 [Test worker] DEBUG org.springframework.test.context.BootstrapUtils - Instantiating CacheAwareContextLoaderDelegate from class [org.springframework.test.context.cache.DefaultCacheAwareContextLoaderDelegate]
19:31:45.903 [Test worker] DEBUG org.springframework.test.context.BootstrapUtils - Instantiating BootstrapContext using constructor [public org.springframework.test.context.support.DefaultBootstrapContext(java.lang.Class,org.springframework.test.context.CacheAwareContextLoaderDelegate)]
19:31:45.919 [Test worker] DEBUG org.springframework.test.context.BootstrapUtils - Instantiating TestContextBootstrapper for test class [com.shjeong.admin.web.IndexControllerTest] from class [org.springframework.boot.test.context.SpringBootTestContextBootstrapper]
19:31:45.934 [Test worker] INFO org.springframework.boot.test.context.SpringBootTestContextBootstrapper - Neither @ContextConfiguration nor @ContextHierarchy found for test class [com.shjeong.admin.web.IndexControllerTest], using SpringBootContextLoader
19:31:45.950 [Test worker] DEBUG org.springframework.test.context.support.AbstractContextLoader - Did not detect default resource location for test class [com.shjeong.admin.web.IndexControllerTest]: class path resource [com/shjeong/admin/web/IndexControllerTest-context.xml] does not exist
19:31:45.950 [Test worker] DEBUG org.springframework.test.context.support.AbstractContextLoader - Did not detect default resource location for test class [com.shjeong.admin.web.IndexControllerTest]: class path resource [com/shjeong/admin/web/IndexControllerTestContext.groovy] does not exist
19:31:45.950 [Test worker] INFO org.springframework.test.context.support.AbstractContextLoader - Could not detect default resource locations for test class [com.shjeong.admin.web.IndexControllerTest]: no resource found for suffixes {-context.xml, Context.groovy}.
19:31:45.950 [Test worker] INFO org.springframework.test.context.support.AnnotationConfigContextLoaderUtils - Could not detect default configuration classes for test class [com.shjeong.admin.web.IndexControllerTest]: IndexControllerTest does not declare any static, non-private, non-final, nested classes annotated with @Configuration.
19:31:46.014 [Test worker] DEBUG org.springframework.test.context.support.ActiveProfilesUtils - Could not find an 'annotation declaring class' for annotation type [org.springframework.test.context.ActiveProfiles] and class [com.shjeong.admin.web.IndexControllerTest]
19:31:46.170 [Test worker] DEBUG org.springframework.context.annotation.ClassPathScanningCandidateComponentProvider - Identified candidate component class: file [C:\Users\ksy839300\IdeaProjects\springboot-webservice\build\classes\java\main\com\shjeong\admin\Application.class]
19:31:46.170 [Test worker] INFO org.springframework.boot.test.context.SpringBootTestContextBootstrapper - Found @SpringBootConfiguration com.shjeong.admin.Application for test class com.shjeong.admin.web.IndexControllerTest
19:31:46.311 [Test worker] DEBUG org.springframework.boot.test.context.SpringBootTestContextBootstrapper - @TestExecutionListeners is not present for class [com.shjeong.admin.web.IndexControllerTest]: using defaults.
19:31:46.311 [Test worker] INFO org.springframework.boot.test.context.SpringBootTestContextBootstrapper - Loaded default TestExecutionListener class names from location [META-INF/spring.factories]: [org.springframework.security.test.context.support.WithSecurityContextTestExecutionListener, org.springframework.security.test.context.support.ReactorContextTestExecutionListener, org.springframework.boot.test.autoconfigure.restdocs.RestDocsTestExecutionListener, org.springframework.boot.test.autoconfigure.web.client.MockRestServiceServerResetTestExecutionListener, org.springframework.boot.test.autoconfigure.web.servlet.MockMvcPrintOnlyOnFailureTestExecutionListener, org.springframework.boot.test.autoconfigure.web.servlet.WebDriverTestExecutionListener, org.springframework.boot.test.mock.mockito.MockitoTestExecutionListener, org.springframework.boot.test.mock.mockito.ResetMocksTestExecutionListener, org.springframework.test.context.web.ServletTestExecutionListener, org.springframework.test.context.support.DirtiesContextBeforeModesTestExecutionListener, org.springframework.test.context.support.DependencyInjectionTestExecutionListener, org.springframework.test.context.support.DirtiesContextTestExecutionListener, org.springframework.test.context.transaction.TransactionalTestExecutionListener, org.springframework.test.context.jdbc.SqlScriptsTestExecutionListener]
19:31:46.342 [Test worker] INFO org.springframework.boot.test.context.SpringBootTestContextBootstrapper - Using TestExecutionListeners: [org.springframework.test.context.web.ServletTestExecutionListener@5a69bc58, org.springframework.test.context.support.DirtiesContextBeforeModesTestExecutionListener@461c0a6e, org.springframework.boot.test.mock.mockito.MockitoTestExecutionListener@438ab3c0, org.springframework.boot.test.autoconfigure.SpringBootDependencyInjectionTestExecutionListener@2c7385fe, org.springframework.test.context.support.DirtiesContextTestExecutionListener@3b6f6754, org.springframework.test.context.transaction.TransactionalTestExecutionListener@1d06552d, org.springframework.test.context.jdbc.SqlScriptsTestExecutionListener@b04f1fe, org.springframework.security.test.context.support.WithSecurityContextTestExecutionListener@3b68d915, org.springframework.security.test.context.support.ReactorContextTestExecutionListener@7b7d4ceb, org.springframework.boot.test.autoconfigure.restdocs.RestDocsTestExecutionListener@54fdd194, org.springframework.boot.test.autoconfigure.web.client.MockRestServiceServerResetTestExecutionListener@785a51f4, org.springframework.boot.test.autoconfigure.web.servlet.MockMvcPrintOnlyOnFailureTestExecutionListener@5878f9b, org.springframework.boot.test.autoconfigure.web.servlet.WebDriverTestExecutionListener@140c81d4, org.springframework.boot.test.mock.mockito.ResetMocksTestExecutionListener@2ec793b0]
19:31:46.342 [Test worker] DEBUG org.springframework.test.annotation.ProfileValueUtils - Retrieved @ProfileValueSourceConfiguration [null] for test class [com.shjeong.admin.web.IndexControllerTest]
19:31:46.342 [Test worker] DEBUG org.springframework.test.annotation.ProfileValueUtils - Retrieved ProfileValueSource type [class org.springframework.test.annotation.SystemProfileValueSource] for class [com.shjeong.admin.web.IndexControllerTest]
19:31:46.358 [Test worker] DEBUG org.springframework.test.annotation.ProfileValueUtils - Retrieved @ProfileValueSourceConfiguration [null] for test class [com.shjeong.admin.web.IndexControllerTest]
19:31:46.358 [Test worker] DEBUG org.springframework.test.annotation.ProfileValueUtils - Retrieved ProfileValueSource type [class org.springframework.test.annotation.SystemProfileValueSource] for class [com.shjeong.admin.web.IndexControllerTest]
19:31:46.358 [Test worker] DEBUG org.springframework.test.annotation.ProfileValueUtils - Retrieved @ProfileValueSourceConfiguration [null] for test class [com.shjeong.admin.web.IndexControllerTest]
19:31:46.358 [Test worker] DEBUG org.springframework.test.annotation.ProfileValueUtils - Retrieved ProfileValueSource type [class org.springframework.test.annotation.SystemProfileValueSource] for class [com.shjeong.admin.web.IndexControllerTest]
19:31:46.358 [Test worker] DEBUG org.springframework.test.context.support.AbstractDirtiesContextTestExecutionListener - Before test class: context [DefaultTestContext@2b1c55ef testClass = IndexControllerTest, testInstance = [null], testMethod = [null], testException = [null], mergedContextConfiguration = [WebMergedContextConfiguration@318240eb testClass = IndexControllerTest, locations = '{}', classes = '{class com.shjeong.admin.Application}', contextInitializerClasses = '[]', activeProfiles = '{}', propertySourceLocations = '{}', propertySourceProperties = '{org.springframework.boot.test.context.SpringBootTestContextBootstrapper=true, server.port=0}', contextCustomizers = set[org.springframework.boot.test.autoconfigure.properties.PropertyMappingContextCustomizer@0, org.springframework.boot.test.autoconfigure.web.servlet.WebDriverContextCustomizerFactory$Customizer@141e55d0, org.springframework.boot.test.context.filter.ExcludeFilterContextCustomizer@7f968e5a, org.springframework.boot.test.json.DuplicateJsonObjectContextCustomizerFactory$DuplicateJsonObjectContextCustomizer@5db42e4c, org.springframework.boot.test.mock.mockito.MockitoContextCustomizer@0, org.springframework.boot.test.web.client.TestRestTemplateContextCustomizer@78e89b3d], resourceBasePath = 'src/main/webapp', contextLoader = 'org.springframework.boot.test.context.SpringBootContextLoader', parent = [null]], attributes = map['org.springframework.test.context.web.ServletTestExecutionListener.activateListener' -> false]], class annotated with @DirtiesContext [false] with mode [null].
19:31:46.358 [Test worker] DEBUG org.springframework.test.annotation.ProfileValueUtils - Retrieved @ProfileValueSourceConfiguration [null] for test class [com.shjeong.admin.web.IndexControllerTest]
19:31:46.358 [Test worker] DEBUG org.springframework.test.annotation.ProfileValueUtils - Retrieved ProfileValueSource type [class org.springframework.test.annotation.SystemProfileValueSource] for class [com.shjeong.admin.web.IndexControllerTest]
19:31:46.373 [Test worker] DEBUG org.springframework.test.context.support.DependencyInjectionTestExecutionListener - Performing dependency injection for test context [[DefaultTestContext@2b1c55ef testClass = IndexControllerTest, testInstance = com.shjeong.admin.web.IndexControllerTest@6969ec9c, testMethod = [null], testException = [null], mergedContextConfiguration = [WebMergedContextConfiguration@318240eb testClass = IndexControllerTest, locations = '{}', classes = '{class com.shjeong.admin.Application}', contextInitializerClasses = '[]', activeProfiles = '{}', propertySourceLocations = '{}', propertySourceProperties = '{org.springframework.boot.test.context.SpringBootTestContextBootstrapper=true, server.port=0}', contextCustomizers = set[org.springframework.boot.test.autoconfigure.properties.PropertyMappingContextCustomizer@0, org.springframework.boot.test.autoconfigure.web.servlet.WebDriverContextCustomizerFactory$Customizer@141e55d0, org.springframework.boot.test.context.filter.ExcludeFilterContextCustomizer@7f968e5a, org.springframework.boot.test.json.DuplicateJsonObjectContextCustomizerFactory$DuplicateJsonObjectContextCustomizer@5db42e4c, org.springframework.boot.test.mock.mockito.MockitoContextCustomizer@0, org.springframework.boot.test.web.client.TestRestTemplateContextCustomizer@78e89b3d], resourceBasePath = 'src/main/webapp', contextLoader = 'org.springframework.boot.test.context.SpringBootContextLoader', parent = [null]], attributes = map['org.springframework.test.context.web.ServletTestExecutionListener.activateListener' -> false]]].
19:31:46.389 [Test worker] DEBUG org.springframework.test.context.support.TestPropertySourceUtils - Adding inlined properties to environment: {spring.jmx.enabled=false, org.springframework.boot.test.context.SpringBootTestContextBootstrapper=true, server.port=0}

  .   ____          _            __ _ _
 /\\ / ___'_ __ _ _(_)_ __  __ _ \ \ \ \
( ( )\___ | '_ | '_| | '_ \/ _` | \ \ \ \
 \\/  ___)| |_)| | | | | || (_| |  ) ) ) )
  '  |____| .__|_| |_|_| |_\__, | / / / /
 =========|_|==============|___/=/_/_/_/
 :: Spring Boot ::        (v2.1.7.RELEASE)

2020-04-17 19:31:46.852  INFO 8112 --- [    Test worker] c.shjeong.admin.web.IndexControllerTest  : Starting IndexControllerTest on DESKTOP-OIV43SE with PID 8112 (started by ksy839300 in C:\Users\ksy839300\IdeaProjects\springboot-webservice)
2020-04-17 19:31:46.852  INFO 8112 --- [    Test worker] c.shjeong.admin.web.IndexControllerTest  : The following profiles are active: oauth
2020-04-17 19:31:48.240  INFO 8112 --- [    Test worker] .s.d.r.c.RepositoryConfigurationDelegate : Bootstrapping Spring Data repositories in DEFAULT mode.
2020-04-17 19:31:48.381  INFO 8112 --- [    Test worker] .s.d.r.c.RepositoryConfigurationDelegate : Finished Spring Data repository scanning in 125ms. Found 2 repository interfaces.
2020-04-17 19:31:49.171  INFO 8112 --- [    Test worker] trationDelegate$BeanPostProcessorChecker : Bean 'org.springframework.transaction.annotation.ProxyTransactionManagementConfiguration' of type [org.springframework.transaction.annotation.ProxyTransactionManagementConfiguration$$EnhancerBySpringCGLIB$$6e71f94b] is not eligible for getting processed by all BeanPostProcessors (for example: not eligible for auto-proxying)
2020-04-17 19:31:49.734  INFO 8112 --- [    Test worker] o.s.b.w.embedded.tomcat.TomcatWebServer  : Tomcat initialized with port(s): 0 (http)
2020-04-17 19:31:49.781  INFO 8112 --- [    Test worker] o.apache.catalina.core.StandardService   : Starting service [Tomcat]
2020-04-17 19:31:49.781  INFO 8112 --- [    Test worker] org.apache.catalina.core.StandardEngine  : Starting Servlet engine: [Apache Tomcat/9.0.22]
2020-04-17 19:31:50.023  INFO 8112 --- [    Test worker] o.a.c.c.C.[Tomcat].[localhost].[/]       : Initializing Spring embedded WebApplicationContext
2020-04-17 19:31:50.023  INFO 8112 --- [    Test worker] o.s.web.context.ContextLoader            : Root WebApplicationContext: initialization completed in 3139 ms
2020-04-17 19:31:50.446  INFO 8112 --- [    Test worker] com.zaxxer.hikari.HikariDataSource       : HikariPool-1 - Starting...
2020-04-17 19:31:50.727  INFO 8112 --- [    Test worker] com.zaxxer.hikari.HikariDataSource       : HikariPool-1 - Start completed.
2020-04-17 19:31:50.899  INFO 8112 --- [    Test worker] o.hibernate.jpa.internal.util.LogHelper  : HHH000204: Processing PersistenceUnitInfo [
	name: default
	...]
2020-04-17 19:31:51.023  INFO 8112 --- [    Test worker] org.hibernate.Version                    : HHH000412: Hibernate Core {5.3.10.Final}
2020-04-17 19:31:51.023  INFO 8112 --- [    Test worker] org.hibernate.cfg.Environment            : HHH000206: hibernate.properties not found
2020-04-17 19:31:51.359  INFO 8112 --- [    Test worker] o.hibernate.annotations.common.Version   : HCANN000001: Hibernate Commons Annotations {5.0.4.Final}
2020-04-17 19:31:51.641  INFO 8112 --- [    Test worker] org.hibernate.dialect.Dialect            : HHH000400: Using dialect: org.hibernate.dialect.MySQL5InnoDBDialect
Hibernate: drop table if exists posts
Hibernate: drop table if exists posts_test
Hibernate: drop table if exists user
Hibernate: create table posts (id bigint not null auto_increment, created_date datetime, modified_date datetime, author varchar(255), content TEXT not null, title varchar(500) not null, primary key (id)) engine=InnoDB
Hibernate: create table posts_test (id bigint not null auto_increment, author varchar(255), content TEXT not null, test01 varchar(255), title varchar(500) not null, primary key (id)) engine=InnoDB
Hibernate: create table user (id bigint not null auto_increment, created_date datetime, modified_date datetime, email varchar(255) not null, name varchar(255) not null, picture varchar(255), role varchar(255) not null, primary key (id)) engine=InnoDB
2020-04-17 19:31:52.602  INFO 8112 --- [    Test worker] o.h.t.schema.internal.SchemaCreatorImpl  : HHH000476: Executing import script 'org.hibernate.tool.schema.internal.exec.ScriptSourceInputNonExistentImpl@56a95917'
2020-04-17 19:31:52.603  INFO 8112 --- [    Test worker] j.LocalContainerEntityManagerFactoryBean : Initialized JPA EntityManagerFactory for persistence unit 'default'
2020-04-17 19:31:53.651  INFO 8112 --- [    Test worker] o.h.h.i.QueryTranslatorFactoryInitiator  : HHH000397: Using ASTQueryTranslatorFactory
2020-04-17 19:31:54.307  INFO 8112 --- [    Test worker] o.s.s.web.DefaultSecurityFilterChain     : Creating filter chain: any request, [org.springframework.security.web.context.request.async.WebAsyncManagerIntegrationFilter@4b91c4e4, org.springframework.security.web.context.SecurityContextPersistenceFilter@197c5758, org.springframework.security.web.header.HeaderWriterFilter@55f64b60, org.springframework.security.web.authentication.logout.LogoutFilter@23970239, org.springframework.security.oauth2.client.web.OAuth2AuthorizationRequestRedirectFilter@ea334fd, org.springframework.security.oauth2.client.web.OAuth2LoginAuthenticationFilter@7123543f, org.springframework.security.web.authentication.ui.DefaultLoginPageGeneratingFilter@5b3475c, org.springframework.security.web.authentication.ui.DefaultLogoutPageGeneratingFilter@57dad00d, org.springframework.security.web.savedrequest.RequestCacheAwareFilter@7595d2d1, org.springframework.security.web.servletapi.SecurityContextHolderAwareRequestFilter@3fd135b4, org.springframework.security.web.authentication.AnonymousAuthenticationFilter@3eddc8b1, org.springframework.security.web.session.SessionManagementFilter@685793a5, org.springframework.security.web.access.ExceptionTranslationFilter@56dadfa9, org.springframework.security.web.access.intercept.FilterSecurityInterceptor@56e283a8]
2020-04-17 19:31:54.886  INFO 8112 --- [    Test worker] o.s.s.concurrent.ThreadPoolTaskExecutor  : Initializing ExecutorService 'applicationTaskExecutor'
2020-04-17 19:31:54.979  WARN 8112 --- [    Test worker] aWebConfiguration$JpaWebMvcConfiguration : spring.jpa.open-in-view is enabled by default. Therefore, database queries may be performed during view rendering. Explicitly configure spring.jpa.open-in-view to disable this warning
2020-04-17 19:31:55.042  INFO 8112 --- [    Test worker] o.s.b.a.w.s.WelcomePageHandlerMapping    : Adding welcome page template: index
2020-04-17 19:31:55.598  INFO 8112 --- [    Test worker] s.a.ScheduledAnnotationBeanPostProcessor : No TaskScheduler/ScheduledExecutorService bean found for scheduled processing
2020-04-17 19:31:55.629  INFO 8112 --- [    Test worker] o.s.b.w.embedded.tomcat.TomcatWebServer  : Tomcat started on port(s): 51121 (http) with context path ''
2020-04-17 19:31:55.645  INFO 8112 --- [    Test worker] c.shjeong.admin.web.IndexControllerTest  : Started IndexControllerTest in 9.241 seconds (JVM running for 10.727)
2020-04-17 19:31:55.895  INFO 8112 --- [o-auto-1-exec-2] o.a.c.c.C.[Tomcat].[localhost].[/]       : Initializing Spring DispatcherServlet 'dispatcherServlet'
2020-04-17 19:31:55.895  INFO 8112 --- [o-auto-1-exec-2] o.s.web.servlet.DispatcherServlet        : Initializing Servlet 'dispatcherServlet'
2020-04-17 19:31:55.926  INFO 8112 --- [o-auto-1-exec-2] o.s.web.servlet.DispatcherServlet        : Completed initialization in 31 ms
Hibernate: select posts0_.id as id1_0_, posts0_.created_date as created_2_0_, posts0_.modified_date as modified3_0_, posts0_.author as author4_0_, posts0_.content as content5_0_, posts0_.title as title6_0_ from posts posts0_ order by posts0_.id DESC
]]></system-out>
  <system-err><![CDATA[]]></system-err>
</testsuite>
